ISim log file
Running: C:\Users\Vipul\ALUproject\mult8bit_isim_beh.exe -intstyle ise -gui -tclbatch isim.cmd -wdb C:/Users/Vipul/ALUproject/mult8bit_isim_beh.wdb 
ISim P.20131013 (signature 0x7708f090)
WARNING: A WEBPACK license was found.
WARNING: Please use Xilinx License Configuration Manager to check out a full ISim license.
WARNING: ISim will run in Lite mode. Please refer to the ISim documentation for more information on the differences between the Lite and the Full version.
This is a Lite version of ISim.
Time resolution is 1 ps
# onerror resume
# wave add /
# run 1000 ns
Simulator is doing circuit initialization process.
Finished circuit initialization process.
# isim force add /mult8bit/in_a 00000001 -radix bin
# isim force add /mult8bit/in_b 00000001 -radix bin
# run 1.00us
value1 of out_c is:    1
out_c = 0000000000000001
# isim force add /mult8bit/in_b 00000010 -radix bin
# run 1.00us
value1 of out_c is:    3
out_c = 0000000000000011
value1 of out_c is:    2
out_c = 0000000000000010
