Command line:
   mult8bit_isim_beh.exe
     -simmode  gui
     -simrunnum  0
     -socket  53046

Sat Oct 29 03:14:22 2016


 Elaboration Time: 0.046875 sec

 Current Memory Usage: 841.548 Meg

 Total Signals          : 89
 Total Nets             : 326
 Total Signal Drivers   : 40
 Total Blocks           : 10
 Total Primitive Blocks : 9
 Total Processes        : 50
 Total Traceable Variables  : 35
 Total Scalar Nets and Variables : 558
Total Line Count : 140

 Total Simulation Time: 0.171875 sec

 Current Memory Usage: 684.261 Meg

Sat Oct 29 03:28:03 2016

