Command line:
   booth_step_mult_isim_beh.exe
     -simmode  gui
     -simrunnum  0
     -socket  52895

Sat Oct 29 02:26:53 2016


 Elaboration Time: 0.078125 sec

 Current Memory Usage: 841.556 Meg

 Total Signals          : 20
 Total Nets             : 71
 Total Signal Drivers   : 9
 Total Blocks           : 2
 Total Primitive Blocks : 2
 Total Processes        : 11
 Total Traceable Variables  : 20
 Total Scalar Nets and Variables : 168
Total Line Count : 29

 Total Simulation Time: 0.109375 sec

 Current Memory Usage: 684.27 Meg

Sat Oct 29 02:30:38 2016

